CARTESIAN GRADIENT
------------------

   1   C   :    0.000000233   -0.000219807   -0.000137326
   2   C   :   -0.000000598   -0.000387010    0.000149258
   3   C   :    0.000000246   -0.000054787    0.000266732
   4   C   :    0.010480024   -0.008722968    0.004458353
   5   C   :   -0.013979823   -0.007026948    0.003796435
   6   C   :    0.027588742   -0.002643762    0.001289811
   7   C   :   -0.024692420    0.019077460   -0.010433557
   8   C   :    0.021785977   -0.019373024    0.010246645
   9   C   :   -0.023463084    0.003025889   -0.001613405
  10   C   :    0.009630080    0.005076317   -0.003096865
  11   C   :   -0.004271285    0.004289904   -0.000694010
  12   C   :    0.005666365    0.000849801   -0.000649392
  13   N   :   -0.001093600    0.000196611   -0.000010426
  14   C   :    0.000303733    0.000892192    0.001372301
  15   C   :   -0.000923155   -0.000521169   -0.000504283
  16   C   :    0.000066768   -0.000504250   -0.000113385
  17   C   :   -0.001486482   -0.001234340   -0.000740989
  18   C   :    0.000109828    0.003331272    0.001429426
  19   C   :    0.001578907   -0.002687859   -0.000454419
  20   C   :    0.002287027    0.001993073    0.000789251
  21   C   :   -0.000796345   -0.003182621   -0.001476843
  22   C   :   -0.001064380    0.001669900    0.000486271
  23   C   :    0.000175057    0.000456937    0.000157499
  24   C   :   -0.000696317    0.000808760    0.000350973
  25   C   :    0.000228364   -0.000994452   -0.001280293
  26   C   :   -0.008351543   -0.004029604    0.000527568
  27   C   :    0.008755036   -0.007710934    0.004588162
  28   C   :   -0.011881320    0.009651653   -0.005084672
  29   C   :    0.016091434    0.007513924   -0.003890677
  30   C   :   -0.028049380   -0.000668350    0.000374075
  31   C   :    0.028047247   -0.000677860    0.000372881
  32   C   :   -0.016086256    0.007516536   -0.003893004
  33   C   :    0.011883888    0.009639433   -0.005097142
  34   C   :   -0.027583335   -0.002645246    0.001272711
  35   C   :    0.024685734    0.019021922   -0.010485129
  36   C   :   -0.021775542   -0.019339226    0.010264103
  37   C   :    0.023450815    0.003013605   -0.001609206
  38   C   :   -0.008753053   -0.007683380    0.004607385
  39   C   :    0.008346623   -0.004023279    0.000563332
  40   C   :   -0.005660052    0.000848287   -0.000674319
  41   N   :    0.001091513    0.000187935    0.000011590
  42   C   :   -0.000301774    0.000904098    0.001362165
  43   C   :    0.000919256   -0.000525659   -0.000496562
  44   C   :   -0.000064380   -0.000504872   -0.000110484
  45   C   :    0.001482820   -0.001235931   -0.000729001
  46   C   :   -0.000108794    0.003334074    0.001406350
  47   C   :   -0.001577231   -0.002682572   -0.000439416
  48   C   :   -0.002285495    0.001991710    0.000774300
  49   C   :    0.000797022   -0.003184668   -0.001456386
  50   C   :    0.001061283    0.001668658    0.000477333
  51   C   :   -0.000174380    0.000457993    0.000152110
  52   C   :    0.000695217    0.000811701    0.000351472
  53   C   :   -0.000229239   -0.001001037   -0.001285478
  54   C   :    0.004269603    0.004281194   -0.000717334
  55   C   :   -0.009619266    0.005058525   -0.003123460
  56   C   :    0.013973293   -0.007016019    0.003817396
  57   C   :   -0.010479169   -0.008720253    0.004448093
  58   H   :   -0.000279434    0.000072776   -0.000058198
  59   H   :    0.000279494    0.000072037   -0.000058295
  60   H   :   -0.000000171    0.000033339   -0.000120953
  61   H   :    0.000282122    0.000098428   -0.000016289
  62   H   :   -0.000281790    0.000099258   -0.000015963
  63   H   :   -0.000000276    0.000131536    0.000046677
  64   H   :   -0.000110590    0.000023359   -0.000003913
  65   H   :   -0.000310470    0.000354191   -0.000065039
  66   H   :    0.000314501    0.000055046    0.000179603
  67   H   :    0.000041382   -0.000274355   -0.000121189
  68   H   :   -0.000031327    0.000219752   -0.000309345
  69   H   :    0.000050461    0.000268234    0.000013655
  70   H   :    0.000045395    0.000133305    0.000051127
  71   H   :   -0.000025605    0.000042996   -0.000004495
  72   H   :   -0.000031094   -0.000007889   -0.000096115
  73   H   :   -0.000044211    0.000022326    0.000089829
  74   H   :   -0.000034768   -0.000029693   -0.000008138
  75   H   :    0.000003768   -0.000143036   -0.000046476
  76   H   :   -0.000036828   -0.000272583   -0.000036421
  77   H   :   -0.000214250   -0.000162000    0.000290653
  78   H   :    0.000182675    0.000249602    0.000218051
  79   H   :    0.000008195    0.000091338   -0.000034841
  80   H   :    0.000089843   -0.000035450    0.000032040
  81   H   :   -0.000090144   -0.000034327    0.000033105
  82   H   :   -0.000008218    0.000090997   -0.000034359
  83   H   :    0.000313739    0.000365712   -0.000047517
  84   H   :   -0.000316479    0.000065695    0.000202110
  85   H   :   -0.000182212    0.000251530    0.000216513
  86   H   :    0.000213723   -0.000158162    0.000292935
  87   H   :   -0.000050904    0.000269484    0.000012323
  88   H   :   -0.000045317    0.000132919    0.000050361
  89   H   :    0.000024718    0.000042749   -0.000004203
  90   H   :    0.000030586   -0.000009084   -0.000096693
  91   H   :    0.000043557    0.000023218    0.000090697
  92   H   :    0.000034161   -0.000029432   -0.000007740
  93   H   :   -0.000003885   -0.000142482   -0.000045557
  94   H   :    0.000036882   -0.000274214   -0.000035729
  95   H   :    0.000031307    0.000216277   -0.000311205
  96   H   :   -0.000044965   -0.000272104   -0.000113510
  97   H   :    0.000111025    0.000026855    0.000003138
--
CARTESIAN GRADIENT
------------------

   1   C   :    0.000000286   -0.000542124   -0.000463322
   2   C   :   -0.000000296    0.000362234   -0.000215784
   3   C   :    0.000000239    0.000024508    0.000715988
   4   C   :    0.008749799   -0.005021518    0.002559871
   5   C   :   -0.010920423   -0.005153465    0.002740331
   6   C   :    0.022882728    0.000458581   -0.000302211
   7   C   :   -0.020298777    0.014008430   -0.007618832
   8   C   :    0.016960423   -0.016144374    0.008501618
   9   C   :   -0.020558787    0.002719640   -0.001482630
  10   C   :    0.008417589    0.003837431   -0.002690926
  11   C   :   -0.001919520    0.001804622   -0.000871754
  12   C   :   -0.003382108    0.002742373   -0.001792214
  13   N   :    0.010249521   -0.001919771    0.001138103
  14   C   :   -0.000717584    0.006509535    0.001536622
  15   C   :   -0.002275265   -0.002249944   -0.001576259
  16   C   :    0.000096946   -0.001048190   -0.000182698
  17   C   :   -0.003609133   -0.003308085   -0.002014925
  18   C   :    0.000201256    0.008029329    0.003630470
  19   C   :    0.004321992   -0.005452647   -0.001170533
  20   C   :    0.005593421    0.003697452    0.002049381
  21   C   :   -0.001921369   -0.007662167   -0.003753032
  22   C   :   -0.002520205    0.004357473    0.001435270
  23   C   :    0.000364553    0.000921496    0.000292186
  24   C   :   -0.001512432    0.002904256    0.001207728
  25   C   :   -0.002498766   -0.005837098   -0.001764215
  26   C   :   -0.005599764   -0.002757308    0.001268065
  27   C   :    0.008110363   -0.005985587    0.004006308
  28   C   :   -0.008179071    0.005386417   -0.002847350
  29   C   :    0.011353704    0.004691533   -0.002431689
  30   C   :   -0.020407100   -0.000897750    0.000497426
  31   C   :    0.020409239   -0.000906040    0.000498115
  32   C   :   -0.011358942    0.004695427   -0.002434027
  33   C   :    0.008189540    0.005385880   -0.002864534
  34   C   :   -0.022908448    0.000450827   -0.000320284
  35   C   :    0.020326718    0.013995140   -0.007668616
  36   C   :   -0.016988546   -0.016148864    0.008532616
  37   C   :    0.020595175    0.002714955   -0.001479831
  38   C   :   -0.008129763   -0.005974213    0.004030090
  39   C   :    0.005610631   -0.002763854    0.001295045
  40   C   :    0.003392427    0.002745066   -0.001824143
  41   N   :   -0.010267965   -0.001929983    0.001166443
  42   C   :    0.000712858    0.006533993    0.001495443
  43   C   :    0.002282794   -0.002265292   -0.001560826
  44   C   :   -0.000096483   -0.001055075   -0.000178210
  45   C   :    0.003625536   -0.003329629   -0.001997001
  46   C   :   -0.000206013    0.008080395    0.003594016
  47   C   :   -0.004331607   -0.005478818   -0.001148939
  48   C   :   -0.005614309    0.003722109    0.002030944
  49   C   :    0.001934938   -0.007712004   -0.003720139
  50   C   :    0.002528162    0.004382326    0.001417000
  51   C   :   -0.000368102    0.000928155    0.000286251
  52   C   :    0.001516813    0.002921065    0.001198868
  53   C   :    0.002500601   -0.005857542   -0.001741361
  54   C   :    0.001924283    0.001807704   -0.000883103
  55   C   :   -0.008429987    0.003828974   -0.002721577
  56   C   :    0.010924239   -0.005150440    0.002762144
  57   C   :   -0.008753259   -0.005022035    0.002551800
  58   H   :   -0.000494556    0.000023393    0.000059541
  59   H   :    0.000494396    0.000022859    0.000059329
  60   H   :   -0.000000095    0.000106358   -0.000294413
  61   H   :    0.000496969   -0.000025556   -0.000043135
  62   H   :   -0.000496813   -0.000024900   -0.000042658
  63   H   :   -0.000000159    0.000316541    0.000088774
  64   H   :    0.000011498   -0.000221538    0.000123947
  65   H   :   -0.000143214    0.000682087   -0.000299172
  66   H   :    0.000436617    0.000275635    0.000022761
  67   H   :   -0.000046271   -0.000330354    0.000261180
  68   H   :   -0.000000067    0.000427594   -0.000654233
  69   H   :    0.000164434    0.000584188    0.000091460
  70   H   :    0.000105867    0.000342714    0.000148494
  71   H   :   -0.000094115    0.000142606   -0.000002418
  72   H   :   -0.000123980   -0.000069031   -0.000099423
  73   H   :   -0.000107615    0.000112643    0.000078693
  74   H   :   -0.000129774   -0.000095043   -0.000037961
  75   H   :    0.000003102   -0.000361552   -0.000142905
  76   H   :   -0.000010077   -0.000587388   -0.000149858
  77   H   :   -0.000300525   -0.000356799    0.000650538
  78   H   :    0.000255361    0.000306344   -0.000106893
  79   H   :    0.000310468    0.000271151   -0.000131381
  80   H   :   -0.000103988    0.000104547   -0.000049365
  81   H   :    0.000103650    0.000105305   -0.000048601
  82   H   :   -0.000310276    0.000271166   -0.000131401
  83   H   :    0.000146537    0.000692415   -0.000286501
  84   H   :   -0.000439781    0.000283822    0.000040521
  85   H   :   -0.000255730    0.000306369   -0.000108503
  86   H   :    0.000301462   -0.000351607    0.000655876
  87   H   :   -0.000165945    0.000586737    0.000088215
  88   H   :   -0.000106580    0.000344716    0.000147305
  89   H   :    0.000093982    0.000143400   -0.000002473
  90   H   :    0.000124600   -0.000070511   -0.000099892
  91   H   :    0.000107915    0.000114104    0.000079461
  92   H   :    0.000130271   -0.000095531   -0.000037465
  93   H   :   -0.000003090   -0.000363567   -0.000141416
  94   H   :    0.000009888   -0.000590822   -0.000147413
  95   H   :    0.000001323    0.000423791   -0.000658893
  96   H   :    0.000041148   -0.000326657    0.000268744
  97   H   :   -0.000010611   -0.000218270    0.000130992
--
CARTESIAN GRADIENT
------------------

   1   C   :   -0.000000648   -0.000266991   -0.000240556
   2   C   :    0.000001147   -0.000288294    0.000153662
   3   C   :   -0.000000739    0.000007534    0.000363029
   4   C   :    0.009557497   -0.007939911    0.004084094
   5   C   :   -0.012255320   -0.006253112    0.003244959
   6   C   :    0.023906820   -0.002200715    0.001041749
   7   C   :   -0.019990270    0.015235723   -0.008265004
   8   C   :    0.015249174   -0.015221490    0.008048275
   9   C   :   -0.016379336    0.001599377   -0.000911317
  10   C   :    0.004770749    0.003445228   -0.002377571
  11   C   :    0.000096137   -0.001918968   -0.001937612
  12   C   :   -0.009080044    0.003508067   -0.002103987
  13   N   :    0.015926536   -0.002905629    0.001641713
  14   C   :   -0.001570101    0.008795387    0.000065958
  15   C   :   -0.001898882   -0.002861052   -0.001700746
  16   C   :   -0.000268480   -0.000662193   -0.000133471
  17   C   :   -0.002628393   -0.002993267   -0.001795382
  18   C   :    0.000165973    0.006365534    0.003057460
  19   C   :    0.004240995   -0.003231055   -0.000669136
  20   C   :    0.004852617    0.001624049    0.001472984
  21   C   :   -0.001494388   -0.006087209   -0.003153566
  22   C   :   -0.001701097    0.003745124    0.001385770
  23   C   :   -0.000067252    0.000689147    0.000167256
  24   C   :   -0.000985598    0.003345651    0.001398188
  25   C   :   -0.004331642   -0.007662642   -0.000551686
  26   C   :   -0.002300743    0.000161228    0.002742607
  27   C   :    0.004808251   -0.004286934    0.002984890
  28   C   :   -0.011052690    0.008595210   -0.004475736
  29   C   :    0.014750791    0.006855448   -0.003551244
  30   C   :   -0.026215923   -0.000299464    0.000179118
  31   C   :    0.026219849   -0.000304157    0.000176279
  32   C   :   -0.014752218    0.006861084   -0.003555276
  33   C   :    0.011056463    0.008591483   -0.004490441
  34   C   :   -0.023927243   -0.002204854    0.001025944
  35   C   :    0.020013708    0.015213080   -0.008314350
  36   C   :   -0.015264662   -0.015214663    0.008073977
  37   C   :    0.016382074    0.001591333   -0.000908628
  38   C   :   -0.004808939   -0.004271578    0.002994430
  39   C   :    0.002298272    0.000175853    0.002746641
  40   C   :    0.009066311    0.003499486   -0.002124243
  41   N   :   -0.015899392   -0.002903058    0.001662142
  42   C   :    0.001560968    0.008784410    0.000001391
  43   C   :    0.001896454   -0.002866614   -0.001674850
  44   C   :    0.000268147   -0.000663678   -0.000129835
  45   C   :    0.002627366   -0.002998868   -0.001771231
  46   C   :   -0.000168199    0.006375232    0.003014597
  47   C   :   -0.004232670   -0.003228949   -0.000655338
  48   C   :   -0.004848379    0.001627320    0.001458765
  49   C   :    0.001497366   -0.006097044   -0.003113722
  50   C   :    0.001696162    0.003747262    0.001363611
  51   C   :    0.000068322    0.000690630    0.000161114
  52   C   :    0.000982125    0.003352004    0.001382105
  53   C   :    0.004326106   -0.007654335   -0.000505154
  54   C   :   -0.000088356   -0.001929081   -0.001930181
  55   C   :   -0.004766620    0.003434529   -0.002394239
  56   C   :    0.012265167   -0.006249272    0.003265070
  57   C   :   -0.009571341   -0.007950217    0.004081797
  58   H   :   -0.000363476    0.000058925   -0.000036663
  59   H   :    0.000363231    0.000059047   -0.000037643
  60   H   :    0.000000097    0.000048094   -0.000166316
  61   H   :    0.000365890    0.000074065   -0.000015813
  62   H   :   -0.000365758    0.000073662   -0.000015309
  63   H   :   -0.000000002    0.000177296    0.000060836
  64   H   :   -0.000017302    0.000019976   -0.000010738
  65   H   :   -0.000298814    0.000421769   -0.000068248
  66   H   :    0.000237020    0.000008272    0.000167640
  67   H   :   -0.000009017    0.000105075    0.000533046
  68   H   :    0.000054696    0.000395502   -0.000503748
  69   H   :    0.000105084    0.000497814    0.000188431
  70   H   :    0.000094878    0.000243376    0.000104758
  71   H   :   -0.000065023    0.000096865    0.000004671
  72   H   :   -0.000078359   -0.000117707    0.000031671
  73   H   :   -0.000027206    0.000137543   -0.000038926
  74   H   :   -0.000086873   -0.000063437   -0.000035291
  75   H   :    0.000020836   -0.000262844   -0.000096926
  76   H   :   -0.000025972   -0.000490812   -0.000243721
  77   H   :   -0.000218343   -0.000354041    0.000496280
  78   H   :    0.000126278   -0.000145849   -0.000417362
  79   H   :    0.000086872    0.000075112   -0.000034091
  80   H   :   -0.000018854    0.000011878    0.000001462
  81   H   :    0.000018463    0.000011899    0.000002904
  82   H   :   -0.000086951    0.000074974   -0.000033837
  83   H   :    0.000301016    0.000432011   -0.000053638
  84   H   :   -0.000238843    0.000016235    0.000184518
  85   H   :   -0.000124605   -0.000148968   -0.000415782
  86   H   :    0.000218126   -0.000348988    0.000498506
  87   H   :   -0.000105684    0.000499000    0.000185778
  88   H   :   -0.000094914    0.000243310    0.000103355
  89   H   :    0.000064238    0.000096748    0.000004800
  90   H   :    0.000077982   -0.000118140    0.000032048
  91   H   :    0.000026794    0.000137722   -0.000038908
  92   H   :    0.000086416   -0.000063323   -0.000034726
  93   H   :   -0.000020834   -0.000262672   -0.000095332
  94   H   :    0.000026079   -0.000492800   -0.000241661
  95   H   :   -0.000053783    0.000390844   -0.000505764
  96   H   :    0.000005071    0.000113332    0.000536374
  97   H   :    0.000018521    0.000022788   -0.000004116
--
CARTESIAN GRADIENT
------------------

   1   C   :    0.000000013   -0.000041619    0.000091452
   2   C   :    0.000000048    0.000050877   -0.000056029
   3   C   :   -0.000000209   -0.000112153   -0.000022308
   4   C   :    0.000011171   -0.000018620    0.000020296
   5   C   :   -0.000000030   -0.000011346    0.000005249
   6   C   :   -0.000004183   -0.000003150    0.000001555
   7   C   :    0.000055720   -0.000003534    0.000000824
   8   C   :   -0.000061672    0.000009418   -0.000005205
   9   C   :    0.000025284    0.000031286   -0.000019605
  10   C   :   -0.000013337   -0.000001917    0.000003511
  11   C   :    0.000003814   -0.000000058   -0.000002579
  12   C   :    0.000022273    0.000036769   -0.000034155
  13   N   :    0.000023598   -0.000007255    0.000034370
  14   C   :   -0.000045976   -0.000008399   -0.000015336
  15   C   :    0.000021551   -0.000011884    0.000003903
  16   C   :   -0.000030810   -0.000042581   -0.000025438
  17   C   :   -0.000005995    0.000002647   -0.000004573
  18   C   :    0.000036404    0.000012057    0.000011844
  19   C   :   -0.000007479    0.000002009   -0.000002746
  20   C   :   -0.000006420    0.000004231    0.000003248
  21   C   :    0.000032515   -0.000030005   -0.000008622
  22   C   :   -0.000011390    0.000002811    0.000004365
  23   C   :   -0.000016946    0.000050744    0.000016025
  24   C   :    0.000028675    0.000011532    0.000007097
  25   C   :   -0.000037434    0.000007100   -0.000012643
  26   C   :   -0.000031826   -0.000029873    0.000020549
  27   C   :    0.000000833   -0.000032722    0.000011634
  28   C   :    0.000014552   -0.000012451    0.000006542
  29   C   :    0.000010133    0.000033487   -0.000015441
  30   C   :   -0.000057693    0.000003508   -0.000003242
  31   C   :    0.000057634    0.000002228   -0.000005761
  32   C   :   -0.000009932    0.000033811   -0.000016264
  33   C   :   -0.000014504   -0.000014648    0.000001070
  34   C   :    0.000001553   -0.000003637   -0.000000660
  35   C   :   -0.000055019   -0.000011905   -0.000001982
  36   C   :    0.000062736    0.000011058   -0.000008593
  37   C   :   -0.000025436    0.000027137   -0.000022060
  38   C   :   -0.000001737   -0.000034358    0.000004289
  39   C   :    0.000032259   -0.000032796    0.000020679
  40   C   :   -0.000024845    0.000040225   -0.000042529
  41   N   :   -0.000019020   -0.000013743    0.000048758
  42   C   :    0.000044780   -0.000007874   -0.000018535
  43   C   :   -0.000022823   -0.000012846    0.000006541
  44   C   :    0.000031446   -0.000043902   -0.000025422
  45   C   :    0.000005468    0.000002273   -0.000004306
  46   C   :   -0.000033630    0.000012600    0.000012909
  47   C   :    0.000006227    0.000006065   -0.000003516
  48   C   :    0.000006554    0.000001924    0.000001949
  49   C   :   -0.000032208   -0.000029005   -0.000008690
  50   C   :    0.000011347    0.000001454    0.000004170
  51   C   :    0.000017260    0.000051378    0.000015204
  52   C   :   -0.000028185    0.000012417    0.000010158
  53   C   :    0.000034217    0.000008958   -0.000019720
  54   C   :   -0.000001926    0.000000726   -0.000003565
  55   C   :    0.000015732    0.000001640    0.000010729
  56   C   :   -0.000000498   -0.000007286    0.000010898
  57   C   :   -0.000011779   -0.000020839    0.000015813
  58   H   :   -0.000021836    0.000005783   -0.000025715
  59   H   :    0.000021876    0.000005643   -0.000026267
  60   H   :   -0.000000042    0.000019072   -0.000017332
  61   H   :    0.000024380    0.000033505    0.000013236
  62   H   :   -0.000024496    0.000033870    0.000013660
  63   H   :   -0.000000195    0.000032970   -0.000002481
  64   H   :   -0.000016048   -0.000014505    0.000007669
  65   H   :   -0.000018729    0.000021206   -0.000004833
  66   H   :    0.000020465   -0.000021297    0.000009683
  67   H   :   -0.000013084    0.000003536    0.000000603
  68   H   :    0.000022517   -0.000007073    0.000005977
  69   H   :   -0.000012066    0.000027282    0.000005651
  70   H   :    0.000014820   -0.000007790   -0.000003294
  71   H   :    0.000003379   -0.000006653   -0.000000849
  72   H   :    0.000005033   -0.000013023   -0.000007529
  73   H   :    0.000007218    0.000006884    0.000006585
  74   H   :    0.000005805    0.000004057    0.000001074
  75   H   :    0.000017141    0.000001412    0.000005692
  76   H   :   -0.000018766   -0.000022985   -0.000010225
  77   H   :    0.000022006   -0.000001076   -0.000003389
  78   H   :   -0.000013264    0.000002341    0.000000266
  79   H   :    0.000006110    0.000004931    0.000001571
  80   H   :   -0.000014738    0.000005332    0.000001623
  81   H   :    0.000014401    0.000005519    0.000001917
  82   H   :   -0.000006184    0.000004599    0.000001231
  83   H   :    0.000021974    0.000023296   -0.000004200
  84   H   :   -0.000022520   -0.000020357    0.000013684
  85   H   :    0.000013465    0.000002286   -0.000000244
  86   H   :   -0.000022280   -0.000000259   -0.000003221
  87   H   :    0.000011811    0.000028341    0.000004983
  88   H   :   -0.000014820   -0.000008075   -0.000003186
  89   H   :   -0.000004002   -0.000006626   -0.000000530
  90   H   :   -0.000005424   -0.000013722   -0.000007989
  91   H   :   -0.000007520    0.000007437    0.000006912
  92   H   :   -0.000006183    0.000004331    0.000001108
  93   H   :   -0.000017450    0.000001775    0.000005695
  94   H   :    0.000018819   -0.000024159   -0.000010334
  95   H   :   -0.000022501   -0.000007430    0.000005755
  96   H   :    0.000009851    0.000007422    0.000005998
  97   H   :    0.000016999   -0.000011393    0.000014611
