     1	 Sr index (integral of Sr function):   0.57452 a.u.
     2	 Sr index (integral of Sr function):   0.44602 a.u.
     3	 Sr index (integral of Sr function):   0.60218 a.u.
     4	 Sr index (integral of Sr function):   0.13946 a.u.
     5	 Sr index (integral of Sr function):   0.14000 a.u.

     1	 D_x:   0.078  D_y:   0.084  D_z:   0.102    D index:   0.154 Angstrom
     2	 D_x:   0.123  D_y:   0.118  D_z:   0.121    D index:   0.209 Angstrom
     3	 D_x:   0.126  D_y:   0.058  D_z:   0.073    D index:   0.157 Angstrom
     4	 D_x:  10.134  D_y:   0.840  D_z:   0.222    D index:  10.171 Angstrom
     5	 D_x:  10.152  D_y:   1.064  D_z:   0.002    D index:  10.208 Angstrom

     1	 RMSD of hole in X/Y/Z:      11.161   1.708   1.187   Norm:  11.354 Angstrom
     2	 RMSD of hole in X/Y/Z:      12.102   1.875   1.271   Norm:  12.312 Angstrom
     3	 RMSD of hole in X/Y/Z:      11.268   1.728   1.198   Norm:  11.463 Angstrom
     4	 RMSD of hole in X/Y/Z:       0.963   1.860   1.723   Norm:   2.712 Angstrom
     5	 RMSD of hole in X/Y/Z:       1.014   2.131   1.325   Norm:   2.706 Angstrom

     1	 RMSD of electron in X/Y/Z:   6.026   1.015   0.926   Norm:   6.180 Angstrom
     2	 RMSD of electron in X/Y/Z:   6.010   1.005   0.922   Norm:   6.162 Angstrom
     3	 RMSD of electron in X/Y/Z:   6.631   1.016   0.921   Norm:   6.772 Angstrom
     4	 RMSD of electron in X/Y/Z:   5.306   1.012   0.874   Norm:   5.472 Angstrom
     5	 RMSD of electron in X/Y/Z:   5.308   0.968   0.968   Norm:   5.482 Angstrom

     1	 H_x:  8.594  H_y:  1.362  H_z:  1.057  H_CT:  4.495  H index:  8.767 Angstrom
     2	 H_x:  9.056  H_y:  1.440  H_z:  1.096  H_CT:  5.431  H index:  9.237 Angstrom
     3	 H_x:  8.950  H_y:  1.372  H_z:  1.059  H_CT:  7.218  H index:  9.117 Angstrom
     4	 H_x:  3.135  H_y:  1.436  H_z:  1.298  H_CT:  3.126  H index:  4.092 Angstrom
     5	 H_x:  3.161  H_y:  1.549  H_z:  1.146  H_CT:  3.148  H index:  4.094 Angstrom

     1	 t index: -4.341 Angstrom
     2	 t index: -5.222 Angstrom
     3	 t index: -7.061 Angstrom
     4	 t index:  7.045 Angstrom
     5	 t index:  7.060 Angstrom

     1	 Excited state    1:   Delta_r =    0.353394 Bohr,    0.187008 Angstrom
     2	 Excited state    2:   Delta_r =    0.445734 Bohr,    0.235873 Angstrom
     3	 Excited state    3:   Delta_r =    0.365337 Bohr,    0.193328 Angstrom
     4	 Excited state    4:   Delta_r =   25.142133 Bohr,   13.304644 Angstrom
     5	 Excited state    5:   Delta_r =   25.268797 Bohr,   13.371671 Angstrom

     1	 Excited state    1:   lambda =    0.517819
     2	 Excited state    2:   lambda =    0.457450
     3	 Excited state    3:   lambda =    0.576234
     4	 Excited state    4:   lambda =    0.084230
     5	 Excited state    5:   lambda =    0.084228

 Transition electric dipole moment between ground state (0) and excited states (a.u.)
     i     j         X             Y             Z        Diff.(eV)   Oscil.str
     0     1    -5.1424457     0.3780235     0.0224478     2.90600     1.89296
     0     2    -0.0388533     0.0594445     0.0663475     3.05000     0.00071
     0     3    -0.0314149     0.0356886     0.0419689     3.45700     0.00034
     0     4    -0.0026216    -0.0249687    -0.0283095     3.46300     0.00012
     0     5    -0.0030310    -0.0374059     0.0146414     3.46700     0.00014
 
 Transition electric dipole moment between excited states (a.u.):
     i     j         X             Y             Z        Diff.(eV)   Oscil.str
     1     1    -2.0185304   -22.0082811   -26.2790322     0.00000     0.00000
     1     2    16.3213787    -1.3734757     0.0614189     0.14400     0.94647
     1     3    -7.0795792     0.3767944     0.1428919     0.55100     0.67878
     1     4    -0.0203362     0.1144521     0.0935922     0.55700     0.00030
     1     5     0.0191048    -0.1226472     0.0726113     0.56100     0.00028
     2     2    -1.5194034   -22.0845466   -26.3152145     0.00000     0.00000
     2     3    -0.1184476     0.0147142     0.0140744     0.40700     0.00014
     2     4    -0.0190235    -0.1328882    -0.1102525     0.41300     0.00031
     2     5    -0.0279539    -0.1478295     0.0894499     0.41700     0.00031
     3     3    -1.8579255   -21.9839286   -26.2258905     0.00000     0.00000
     3     4     0.0996729    -0.0313714    -0.0169399     0.00600     0.00000
     3     5     0.1346024    -0.0368246     0.0152900     0.01000     0.00000
     4     4   -20.8559200   -20.2894204   -26.5167380     0.00000     0.00000
     4     5     0.0001065     0.0001248     0.0003304     0.00400     0.00000
     5     5    17.3281985   -23.8531214   -26.1043422     0.00000     0.00000
 
