CARTESIAN GRADIENT
------------------

   1   F   :    0.002352407    0.002768139   -0.005275243
   2   C   :    0.007445630   -0.008124619    0.014510528
   3   C   :   -0.006382748   -0.006923734    0.013681189
   4   F   :   -0.005248441    0.002415520   -0.007677632
   5   C   :    0.023194145   -0.002474233    0.000627851
   6   C   :   -0.023269337    0.002573358   -0.000502895
   7   C   :    0.003875720   -0.015075871    0.005118723
   8   F   :    0.006319784    0.006717292   -0.000427479
   9   C   :   -0.008131476   -0.013910998    0.004333533
  10   F   :   -0.002520960    0.006104064   -0.002052904
  11   C   :    0.015667962   -0.005866754    0.000977602
  12   C   :   -0.024833215   -0.002041085   -0.000041072
  13   C   :    0.020016520    0.007635676   -0.001042476
  14   C   :   -0.015184415    0.003764027   -0.000869243
  15   C   :    0.005658275   -0.002356694   -0.000018719
  16   C   :   -0.000605371    0.000485675    0.000238111
  17   C   :   -0.003290133   -0.000092825   -0.000040296
  18   N   :    0.008537683   -0.001241595    0.000346278
  19   C   :    0.002440236    0.002910283    0.000583789
  20   C   :   -0.003397240   -0.000825171   -0.001581587
  21   C   :   -0.000040874   -0.000715891   -0.000135936
  22   C   :   -0.000646699   -0.003565815   -0.003400847
  23   C   :   -0.003163108    0.005729885    0.004956232
  24   C   :    0.000872513   -0.001796637    0.000397497
  25   C   :    0.001372564    0.001415784   -0.000267834
  26   C   :   -0.004288529   -0.004603697   -0.005344423
  27   C   :    0.000156131    0.003689283    0.003424629
  28   C   :    0.000170535    0.000759434    0.000084025
  29   C   :   -0.003092828    0.001853890    0.001351349
  30   C   :    0.001472414   -0.003591588   -0.000514903
  31   C   :   -0.000367018    0.000349363   -0.000177798
  32   C   :    0.005781424   -0.000871744    0.000598731
  33   C   :   -0.006929442    0.016241722   -0.004852700
  34   F   :   -0.002992875   -0.005509856    0.001761959
  35   C   :    0.007085651    0.014222405   -0.004967337
  36   F   :    0.004638302   -0.008386923    0.000849351
  37   C   :   -0.004296531    0.007996286   -0.013602283
  38   F   :   -0.005925933   -0.001390282    0.007224809
  39   C   :    0.007316281    0.006148500   -0.013531416
  40   F   :    0.002920269   -0.003037874    0.005546892
  41   C   :   -0.015499002    0.003177455   -0.004225637
  42   C   :    0.024207029   -0.001735070   -0.003874156
  43   C   :   -0.019134500   -0.001045407    0.008610631
  44   C   :    0.014851424   -0.002575147    0.002226314
  45   C   :   -0.005507372    0.001803266   -0.001446389
  46   C   :    0.000538300   -0.000041165    0.000458784
  47   C   :    0.003179710   -0.000509670   -0.000418239
  48   N   :   -0.008308495    0.001330131   -0.000426465
  49   C   :   -0.001577187    0.001758192   -0.002990424
  50   C   :    0.002924057   -0.002186344    0.000980441
  51   C   :   -0.000142023   -0.000358801    0.000618819
  52   C   :   -0.000597854   -0.004283227    0.002232366
  53   C   :    0.004795150    0.005677954   -0.002844288
  54   C   :   -0.001063386    0.000125436    0.001509526
  55   C   :   -0.000820813    0.000203723   -0.001644003
  56   C   :    0.002580869   -0.006767696    0.003278841
  57   C   :    0.000911542    0.004211941   -0.002191951
  58   C   :    0.000006218    0.000300853   -0.000579131
  59   C   :    0.003488100    0.001295555   -0.000559184
  60   C   :   -0.002457548   -0.001180551    0.002645064
  61   C   :    0.000308784   -0.000150148    0.000218031
  62   C   :   -0.005643949    0.000253223   -0.000630110
  63   H   :    0.002109793   -0.008853853    0.001680822
  64   H   :   -0.003893680    0.007860663   -0.001155752
  65   H   :   -0.006351472   -0.007789752    0.000992329
  66   H   :    0.003092890   -0.009027592    0.002067468
  67   H   :   -0.008544912   -0.000362518   -0.002294462
  68   H   :   -0.003277879   -0.006466085   -0.006686107
  69   H   :    0.006648154   -0.006181667   -0.004367095
  70   H   :    0.009907608    0.000457677    0.002089937
  71   H   :    0.009473515   -0.003428586   -0.001199746
  72   H   :    0.007779286    0.003950329    0.005039998
  73   H   :   -0.001771429    0.007234272    0.006459478
  74   H   :   -0.008239507    0.002910894    0.001552752
  75   H   :    0.005863746    0.007655602   -0.001703752
  76   H   :   -0.003640412    0.008745750   -0.001434663
  77   H   :   -0.002580270    0.003330114   -0.008255267
  78   H   :    0.004365880   -0.002481690    0.007377479
  79   H   :    0.005732700    0.000912283   -0.008229465
  80   H   :   -0.003750784    0.001610212   -0.008860696
  81   H   :    0.007986697   -0.003556922    0.001391956
  82   H   :    0.001042156   -0.008757957    0.004406656
  83   H   :   -0.008293296   -0.005013074    0.002747893
  84   H   :   -0.009298342    0.003591616   -0.001878567
  85   H   :   -0.010101040   -0.000783838    0.000678778
  86   H   :   -0.006134744    0.007086828   -0.003655831
  87   H   :    0.004011939    0.008046977   -0.004107218
  88   H   :    0.008782259    0.001129164   -0.000393447
  89   H   :   -0.005190016   -0.000379625    0.008271760
  90   H   :    0.004195394   -0.002272954    0.008359111
--
CARTESIAN GRADIENT
------------------

   1   F   :    0.002117430    0.002452978   -0.004766970
   2   C   :    0.005923809   -0.007309934    0.012834206
   3   C   :   -0.004544155   -0.005551710    0.012302256
   4   F   :   -0.005137359    0.002209424   -0.007126948
   5   C   :    0.019437316   -0.002077649    0.000542165
   6   C   :   -0.019469562    0.002154932   -0.000426813
   7   C   :    0.002362959   -0.013202508    0.003759382
   8   F   :    0.006089111    0.006141375   -0.000318086
   9   C   :   -0.006275984   -0.012092881    0.003930520
  10   F   :   -0.002347233    0.005338777   -0.001768191
  11   C   :    0.011705036   -0.005459744    0.000865276
  12   C   :   -0.020074482    0.000005252   -0.000248793
  13   C   :    0.014638697    0.006119991   -0.000853705
  14   C   :   -0.010936728    0.002981491   -0.000648989
  15   C   :    0.003843093   -0.000549516   -0.000263573
  16   C   :    0.002022250    0.001944829    0.001388265
  17   C   :   -0.009581498    0.000797402   -0.000250843
  18   N   :    0.015729392   -0.002286040    0.000613232
  19   C   :    0.001462393    0.005912500    0.001379945
  20   C   :   -0.003771955   -0.001605655   -0.002384213
  21   C   :   -0.000179261   -0.000779571   -0.000168414
  22   C   :   -0.001144175   -0.004171378   -0.004064923
  23   C   :   -0.003208939    0.006847433    0.006067425
  24   C   :    0.002041261   -0.002134428    0.000189989
  25   C   :    0.002573933    0.001387006    0.000046299
  26   C   :   -0.004572240   -0.005674916   -0.006477729
  27   C   :   -0.000201792    0.004430895    0.004055720
  28   C   :    0.000067453    0.000884273    0.000091177
  29   C   :   -0.003297230    0.002713165    0.002134068
  30   C   :   -0.000303509   -0.006193005   -0.001438676
  31   C   :    0.001871888   -0.001785748   -0.001094790
  32   C   :    0.003360238   -0.002110051    0.000619955
  33   C   :   -0.005387968    0.014243319   -0.004385006
  34   F   :   -0.002780185   -0.004981489    0.001517685
  35   C   :    0.005196398    0.012693166   -0.003684767
  36   F   :    0.004519079   -0.007751838    0.000729067
  37   C   :   -0.002792888    0.006264392   -0.012179712
  38   F   :   -0.005770756   -0.001206857    0.006696259
  39   C   :    0.005678220    0.005599641   -0.011750637
  40   F   :    0.002686384   -0.002613209    0.004855926
  41   C   :   -0.011754951    0.002797203   -0.004204262
  42   C   :    0.019876566   -0.001945761   -0.001664303
  43   C   :   -0.014160063   -0.001017259    0.006975506
  44   C   :    0.010866544   -0.001985578    0.001835364
  45   C   :   -0.003751274    0.001041384   -0.000036224
  46   C   :   -0.002125790   -0.001155996    0.001574634
  47   C   :    0.009553443   -0.001459644   -0.000178759
  48   N   :   -0.015660911    0.002425010   -0.000822480
  49   C   :    0.000196027    0.003382661   -0.005305508
  50   C   :    0.003116333   -0.003333878    0.001529061
  51   C   :   -0.000071982   -0.000472727    0.000765657
  52   C   :   -0.000166374   -0.005377366    0.002786569
  53   C   :    0.005322321    0.007440052   -0.003693997
  54   C   :   -0.002537518   -0.000200811    0.001624432
  55   C   :   -0.002110297    0.000930542   -0.001935847
  56   C   :    0.002476495   -0.008588325    0.004156391
  57   C   :    0.001691473    0.005125857   -0.002670084
  58   C   :    0.000132174    0.000392747   -0.000684565
  59   C   :    0.004054818    0.002339006   -0.001073215
  60   C   :   -0.001528781   -0.003199662    0.005114795
  61   C   :   -0.001793965    0.001600597   -0.001089499
  62   C   :   -0.003477625    0.000509032   -0.001865575
  63   H   :    0.002131037   -0.008894550    0.001641373
  64   H   :   -0.003902574    0.007798033   -0.001186375
  65   H   :   -0.006376867   -0.007757090    0.000732675
  66   H   :    0.003096117   -0.009138972    0.002149100
  67   H   :   -0.008508412   -0.000280792   -0.002197379
  68   H   :   -0.003261624   -0.006423132   -0.006645319
  69   H   :    0.006627303   -0.006159804   -0.004354017
  70   H   :    0.009888926    0.000415684    0.002104568
  71   H   :    0.009469246   -0.003382850   -0.001216051
  72   H   :    0.007753212    0.003931855    0.005029531
  73   H   :   -0.001764439    0.007186917    0.006421142
  74   H   :   -0.008226741    0.002803445    0.001475400
  75   H   :    0.005915536    0.007763704   -0.001789679
  76   H   :   -0.003677909    0.008747371   -0.001201276
  77   H   :   -0.002600929    0.003323953   -0.008320152
  78   H   :    0.004362633   -0.002525996    0.007291653
  79   H   :    0.005784572    0.001112775   -0.008115264
  80   H   :   -0.003750702    0.001574287   -0.009013509
  81   H   :    0.007972030   -0.003449091    0.001305641
  82   H   :    0.001039344   -0.008682589    0.004364519
  83   H   :   -0.008251393   -0.004993443    0.002724490
  84   H   :   -0.009276685    0.003580696   -0.001829938
  85   H   :   -0.010071615   -0.000779463    0.000633950
  86   H   :   -0.006103603    0.007053095   -0.003633343
  87   H   :    0.003983944    0.007974520   -0.004067189
  88   H   :    0.008723752    0.001019349   -0.000334916
  89   H   :   -0.005206849   -0.000325254    0.008433302
  90   H   :    0.004188003   -0.002477324    0.008272067
--
CARTESIAN GRADIENT
------------------

   1   F   :    0.002759146    0.001598925   -0.005805682
   2   C   :    0.002402052   -0.005688778    0.014312823
   3   C   :    0.001989486   -0.000877864    0.012250189
   4   F   :   -0.005983006    0.002565039   -0.008333043
   5   C   :    0.005672610   -0.000919361    0.000724480
   6   C   :   -0.005588662    0.001184047   -0.000323657
   7   C   :   -0.002837464   -0.012279118   -0.001271266
   8   F   :    0.007396108    0.007539297   -0.000353165
   9   C   :   -0.003274794   -0.014276719    0.002674526
  10   F   :   -0.003096614    0.006875182   -0.000991806
  11   C   :    0.012882532   -0.004741590    0.000759953
  12   C   :   -0.026962836   -0.006713221    0.000504807
  13   C   :    0.026009275    0.009901701   -0.001195080
  14   C   :   -0.020308275    0.005941462   -0.001206974
  15   C   :    0.006766074   -0.005057837    0.000412144
  16   C   :   -0.001653918    0.000389066    0.000433211
  17   C   :   -0.003083679   -0.001359364    0.000138181
  18   N   :    0.009874586   -0.001433417    0.000380348
  19   C   :    0.002210763    0.003800348    0.000937225
  20   C   :   -0.003434799   -0.001095431   -0.001852486
  21   C   :   -0.000205559   -0.000654687   -0.000080658
  22   C   :   -0.000597956   -0.003674218   -0.003495534
  23   C   :   -0.003160596    0.005866809    0.005118521
  24   C   :    0.001174119   -0.001819391    0.000450612
  25   C   :    0.001642521    0.001354945   -0.000289937
  26   C   :   -0.004316456   -0.004756846   -0.005526456
  27   C   :    0.000194578    0.003812557    0.003550109
  28   C   :    0.000065306    0.000768338    0.000007382
  29   C   :   -0.003123622    0.002101425    0.001622404
  30   C   :    0.001054250   -0.004371956   -0.000920655
  31   C   :   -0.002081071    0.002356720   -0.000634205
  32   C   :    0.008074069    0.000276490    0.000403712
  33   C   :   -0.001513455    0.015164571   -0.002918386
  34   F   :   -0.003552722   -0.005881246    0.000574623
  35   C   :   -0.001175347    0.012351942    0.001373592
  36   F   :    0.005385536   -0.009181259    0.000866518
  37   C   :    0.001817808    0.000850004   -0.012479870
  38   F   :   -0.006853014   -0.001364493    0.008050123
  39   C   :    0.002620140    0.004851697   -0.013853373
  40   F   :    0.003595356   -0.002154145    0.006371584
  41   C   :   -0.013259493    0.002624514   -0.003508254
  42   C   :    0.026583120   -0.000512839   -0.008755764
  43   C   :   -0.025380524   -0.001247968    0.011550514
  44   C   :    0.020465534   -0.003780298    0.003924026
  45   C   :   -0.006911510    0.002746076   -0.004111891
  46   C   :    0.001589726   -0.000381879    0.000159176
  47   C   :    0.003027966   -0.000222243   -0.001680756
  48   N   :   -0.009942506    0.001633804   -0.000503463
  49   C   :   -0.001051241    0.002477369   -0.003722763
  50   C   :    0.002965831   -0.002608753    0.001150479
  51   C   :   -0.000039443   -0.000326989    0.000664532
  52   C   :   -0.000582692   -0.004556790    0.002372169
  53   C   :    0.004913534    0.006108193   -0.003039861
  54   C   :   -0.001496870    0.000121379    0.001547000
  55   C   :   -0.001265699    0.000328012   -0.001733982
  56   C   :    0.002549154   -0.007187125    0.003466163
  57   C   :    0.000974358    0.004433539   -0.002306834
  58   C   :    0.000171608    0.000226962   -0.000576933
  59   C   :    0.003622988    0.001712288   -0.000755169
  60   C   :   -0.002217872   -0.002005791    0.003450983
  61   C   :    0.002236580   -0.000711087    0.002158698
  62   C   :   -0.008060105    0.000190063    0.000803021
  63   H   :    0.002008915   -0.008599679    0.001583965
  64   H   :   -0.003678269    0.007958275   -0.001162406
  65   H   :   -0.006289877   -0.007798120    0.000961734
  66   H   :    0.003069021   -0.009077966    0.002067668
  67   H   :   -0.008549211   -0.000310989   -0.002245485
  68   H   :   -0.003273385   -0.006465086   -0.006688708
  69   H   :    0.006650945   -0.006178865   -0.004366138
  70   H   :    0.009914488    0.000450027    0.002091552
  71   H   :    0.009483189   -0.003423321   -0.001201064
  72   H   :    0.007779410    0.003942620    0.005043944
  73   H   :   -0.001766869    0.007232682    0.006461320
  74   H   :   -0.008260540    0.002853013    0.001509398
  75   H   :    0.005819754    0.007706850   -0.001722730
  76   H   :   -0.003591854    0.008808879   -0.001414407
  77   H   :   -0.002450960    0.003226091   -0.008022703
  78   H   :    0.004157191   -0.002410261    0.007515343
  79   H   :    0.005674090    0.000949457   -0.008211448
  80   H   :   -0.003725015    0.001602763   -0.008931472
  81   H   :    0.008009502   -0.003491214    0.001339127
  82   H   :    0.001037564   -0.008749135    0.004399589
  83   H   :   -0.008289375   -0.005011746    0.002736568
  84   H   :   -0.009303742    0.003588461   -0.001871746
  85   H   :   -0.010103760   -0.000778923    0.000671645
  86   H   :   -0.006133941    0.007081764   -0.003649939
  87   H   :    0.004004888    0.008040483   -0.004099509
  88   H   :    0.008775085    0.001057695   -0.000351083
  89   H   :   -0.005136852   -0.000376701    0.008342796
  90   H   :    0.004144479   -0.002288820    0.008409867
--
CARTESIAN GRADIENT
------------------

   1   F   :    0.004969041    0.003065853   -0.008810011
   2   C   :   -0.006304133   -0.004266514    0.011042435
   3   C   :    0.007677782   -0.003624657    0.012748791
   4   F   :   -0.007122939    0.003537550   -0.010344165
   5   C   :    0.001903586   -0.000000364   -0.000491221
   6   C   :   -0.001908895   -0.000449061    0.000098421
   7   C   :   -0.010468273   -0.010951934    0.000236493
   8   F   :    0.008953361    0.009185971   -0.000587773
   9   C   :    0.007285037   -0.012515611    0.003053024
  10   F   :   -0.005115006    0.009695612   -0.002182630
  11   C   :   -0.007068085    0.000132163   -0.000084163
  12   C   :   -0.002756561    0.004356321   -0.000798328
  13   C   :    0.000703262   -0.002312806    0.000423372
  14   C   :    0.001854732    0.000557176   -0.000136369
  15   C   :    0.000207755    0.004195894   -0.001209974
  16   C   :    0.001796833    0.001599486    0.000640522
  17   C   :   -0.001078437    0.001759670   -0.000372829
  18   N   :    0.001434319   -0.000358301    0.000155573
  19   C   :    0.003157672   -0.000996255   -0.002084815
  20   C   :   -0.001730010    0.000405960    0.000190808
  21   C   :   -0.000029687    0.000020912    0.000308084
  22   C   :    0.002020219   -0.001487882   -0.001159634
  23   C   :   -0.002925712    0.000581143    0.000309343
  24   C   :   -0.002876094    0.001946840    0.002500355
  25   C   :   -0.003105555   -0.001084864   -0.002753689
  26   C   :   -0.002915154    0.000384106   -0.000534582
  27   C   :    0.002327754    0.000847953    0.001309031
  28   C   :   -0.000055861    0.000047448   -0.000296388
  29   C   :   -0.001631733    0.000106732   -0.000366040
  30   C   :    0.003085098    0.000012788    0.002454280
  31   C   :    0.003635584   -0.003835845   -0.000139410
  32   C   :   -0.003294301   -0.004530046    0.001292756
  33   C   :    0.006880268    0.011103554   -0.002792901
  34   F   :   -0.005597977   -0.008825051    0.001490403
  35   C   :   -0.006920597    0.013707666   -0.000858610
  36   F   :    0.006330128   -0.011308918    0.001260185
  37   C   :    0.009748352    0.001562667   -0.011575728
  38   F   :   -0.008007646   -0.001616032    0.009984764
  39   C   :   -0.007844691    0.005612586   -0.011190009
  40   F   :    0.005704631   -0.003972691    0.009078854
  41   C   :    0.007026459   -0.000521248   -0.000498889
  42   C   :    0.003039884   -0.001993055    0.003851679
  43   C   :   -0.000964439    0.001103306   -0.002165134
  44   C   :   -0.001800075   -0.000207249    0.000571665
  45   C   :    0.000185521   -0.000230126    0.004369907
  46   C   :   -0.001802599   -0.000657899    0.001524555
  47   C   :    0.001283298   -0.000466225    0.001677386
  48   N   :   -0.001420360    0.000206227   -0.000253831
  49   C   :   -0.003476255   -0.001914844   -0.000567595
  50   C   :    0.001775788    0.000120362    0.000099074
  51   C   :    0.000040160    0.000171436    0.000024578
  52   C   :   -0.002433160   -0.001139439    0.000594469
  53   C   :    0.002968134   -0.000116085    0.000169437
  54   C   :    0.003480936    0.002627495   -0.000272311
  55   C   :    0.002593438   -0.003451061    0.000624022
  56   C   :    0.002821278   -0.000776148    0.000177484
  57   C   :   -0.001870637    0.001744904   -0.000865152
  58   C   :   -0.000094495   -0.000320010   -0.000014518
  59   C   :    0.001714699   -0.000612917    0.000135263
  60   C   :   -0.002900422    0.002727926    0.000098475
  61   C   :   -0.003761166    0.001964276   -0.003143806
  62   C   :    0.002846780    0.000041338   -0.004989981
  63   H   :    0.002456554   -0.008422592    0.001333805
  64   H   :   -0.004138799    0.008353245   -0.001342836
  65   H   :   -0.006387502   -0.008188759    0.001045949
  66   H   :    0.003303922   -0.008552784    0.001656709
  67   H   :   -0.008737858   -0.000729337   -0.002475649
  68   H   :   -0.003313080   -0.006686034   -0.006882168
  69   H   :    0.006751062   -0.006299370   -0.004422803
  70   H   :    0.009999895    0.000490466    0.002205239
  71   H   :    0.009591990   -0.003448464   -0.001303276
  72   H   :    0.007885240    0.004034593    0.005073613
  73   H   :   -0.001761199    0.007474886    0.006653694
  74   H   :   -0.008310411    0.003352731    0.001649345
  75   H   :    0.005904095    0.007147314   -0.001262490
  76   H   :   -0.003707403    0.009152788   -0.001359971
  77   H   :   -0.002900409    0.003087525   -0.007814785
  78   H   :    0.004613546   -0.002957888    0.007724051
  79   H   :    0.005792695    0.001036857   -0.008614869
  80   H   :   -0.003863739    0.001832291   -0.008265342
  81   H   :    0.008043229   -0.003799452    0.001729925
  82   H   :    0.001010438   -0.009022991    0.004571896
  83   H   :   -0.008414477   -0.005059353    0.002829777
  84   H   :   -0.009390110    0.003684665   -0.001870614
  85   H   :   -0.010214023   -0.000851804    0.000656694
  86   H   :   -0.006229861    0.007190563   -0.003730278
  87   H   :    0.004053875    0.008290739   -0.004260365
  88   H   :    0.008954328    0.001353078   -0.000678846
  89   H   :   -0.005331111   -0.000620263    0.007656758
  90   H   :    0.004230278   -0.002531465    0.008690711
