230605_111857: Execute: transfer_liquid(VALVEB:1, SPE_W:26, 1.0, 20, 40, 3, 0, 0.0, 0, 0.1, 0.1, 0, WASTE, WASTE, 0, 0, 1)
230605_111923: Execute: transfer_liquid(RACKL:80, SPE_C:26, 1.0, 20, 40, 3, 0, 2, 0, 0.1, 0.1, 0, WASTE, WASTE, 0, 0, 1)
230605_113235: Execute: inject_liquid(RACKL:80, INJECT_L:1, 0.5, 10, 3, 0.1, 0, 2)
230605_113823: Execute: inject_liquid(VALVEB:1, INJECT_I:1, 1.0, 10, 3, 0.1, 0, 2)
230605_122344: Execute: inject_liquid(RACKL:79, INJECT_L:1, 0.5, 10, 3, 0.1, 0, 2)
230605_122931: Execute: inject_liquid(VALVEB:1, INJECT_I:1, 1.0, 10, 3, 0.1, 0, 2)
230612_102937: Execute: inject_liquid(RACKL:80, INJECT_L:1, 0.5, 10, 3, 0.1, 0, 2)
230612_103522: Execute: inject_liquid(VALVEB:1, INJECT_I:1, 1.0, 10, 3, 0.1, 0, 2)
230612_105649: Execute: inject_liquid(RACKL:79, INJECT_L:1, 0.5, 10, 3, 0.1, 0, 2)
230612_110234: Execute: inject_liquid(VALVEB:1, INJECT_I:1, 1.0, 10, 3, 0.1, 0, 2)
230612_112659: Execute: inject_liquid(RACKL:79, INJECT_L:1, 0.5, 10, 3, 0.1, 0, 2)
230612_113244: Execute: inject_liquid(VALVEB:1, INJECT_I:1, 1.0, 10, 3, 0.1, 0, 2)
230612_120937: Execute: inject_liquid(RACKL:79, INJECT_L:1, 0.5, 10, 3, 0.1, 0, 2)
230612_121523: Execute: inject_liquid(VALVEB:1, INJECT_I:1, 1.0, 10, 3, 0.1, 0, 2)
230612_123608: Execute: inject_liquid(RACKL:79, INJECT_L:1, 0.5, 10, 3, 0.1, 0, 2)
230612_124154: Execute: inject_liquid(VALVEB:1, INJECT_I:1, 1.0, 10, 3, 0.1, 0, 2)
230612_135520: Execute: inject_liquid(RACKL:79, INJECT_L:1, 0.5, 10, 3, 0.1, 0, 2)
230612_140105: Execute: inject_liquid(VALVEB:1, INJECT_I:1, 1.0, 10, 3, 0.1, 0, 2)
230612_142121: Execute: inject_liquid(RACKL:79, INJECT_L:1, 0.5, 10, 3, 0.1, 0, 2)
230612_142706: Execute: inject_liquid(VALVEB:1, INJECT_I:1, 1.0, 10, 3, 0.1, 0, 2)
230612_145344: Execute: inject_liquid(RACKL:79, INJECT_L:1, 0.5, 10, 3, 0.1, 0, 2)
230612_145930: Execute: inject_liquid(VALVEB:1, INJECT_I:1, 1.0, 10, 3, 0.1, 0, 2)
230612_151645: Execute: inject_liquid(RACKL:79, INJECT_L:1, 0.5, 10, 3, 0.1, 0, 2)
230612_152230: Execute: inject_liquid(VALVEB:1, INJECT_I:1, 1.0, 10, 3, 0.1, 0, 2)
230612_155353: Execute: inject_liquid(RACKL:79, INJECT_L:1, 0.5, 10, 3, 0.1, 0, 2)
230612_155939: Execute: inject_liquid(VALVEB:1, INJECT_I:1, 1.0, 10, 3, 0.1, 0, 2)
230612_162838: Execute: inject_liquid(RACKL:79, INJECT_L:1, 0.5, 10, 3, 0.1, 0, 2)
230612_163424: Execute: inject_liquid(VALVEB:1, INJECT_I:1, 1.0, 10, 3, 0.1, 0, 2)
230612_170227: Execute: inject_liquid(RACKL:79, INJECT_L:1, 0.5, 10, 3, 0.1, 0, 2)
230612_170812: Execute: inject_liquid(VALVEB:1, INJECT_I:1, 1.0, 10, 3, 0.1, 0, 2)
230612_171846: Execute: unmount_all()
230612_173534: Execute: inject_liquid(RACKL:79, INJECT_L:1, 0.5, 10, 3, 0.1, 0, 2)
230612_174138: Execute: inject_liquid(VALVEB:1, INJECT_I:1, 1.0, 10, 3, 0.1, 0, 2)
230612_175856: Execute: inject_liquid(RACKL:79, INJECT_L:1, 0.5, 10, 3, 0.1, 0, 2)
230612_180441: Execute: inject_liquid(VALVEB:1, INJECT_I:1, 1.0, 10, 3, 0.1, 0, 2)
230612_185515: Execute: unmount_all()
230626_111142: Execute: set_drawer(ISYNTH:1, close, vacuum)
230626_111152: Execute: set_isynth_vacuum(on, 1)
230626_112211: Execute: set_drawer(ISYNTH:1, close, vacuum)
230626_112252: Execute: set_isynth_vacuum(on, 1)
230626_112256: Execute: set_drawer(ISYNTH:1, close, inert)
230626_112300: Execute: set_isynth_vacuum(on, 1000)
230626_112304: Execute: set_isynth_vacuum(off, 1000)
230626_112307: Execute: set_drawer(ISYNTH:1, close, vacuum)
230626_112310: Execute: set_isynth_vacuum(on, 1)
230626_112314: Execute: set_drawer(ISYNTH:1, close, inert)
230626_112317: Execute: set_isynth_vacuum(on, 1000)
230626_112321: Execute: set_isynth_vacuum(off, 1000)
230626_112324: Execute: set_drawer(ISYNTH:1, close, vacuum)
230626_112327: Execute: set_isynth_vacuum(on, 1)
230626_112331: Execute: set_drawer(ISYNTH:1, close, inert)
230626_112334: Execute: set_isynth_vacuum(on, 1000)
230626_112338: Execute: set_isynth_vacuum(off, 1000)
230626_113623: Execute: set_drawer(ISYNTH:1, close, vacuum)
230626_113701: Execute: set_isynth_vacuum(on, 1)
230626_113808: Execute: set_drawer(ISYNTH:1, close, inert)
230626_113811: Execute: set_isynth_vacuum(on, 1000)
230626_113846: Execute: set_isynth_vacuum(off, 1000)
230626_113849: Execute: set_drawer(ISYNTH:1, close, vacuum)
230626_113853: Execute: set_isynth_vacuum(on, 1)
230626_113959: Execute: set_drawer(ISYNTH:1, close, inert)
230626_114002: Execute: set_isynth_vacuum(on, 1000)
230626_114038: Execute: set_isynth_vacuum(off, 1000)
230626_114041: Execute: set_drawer(ISYNTH:1, close, vacuum)
230626_114044: Execute: set_isynth_vacuum(on, 1)
230626_114150: Execute: set_drawer(ISYNTH:1, close, inert)
230626_114154: Execute: set_isynth_vacuum(on, 1000)
230626_114229: Execute: set_isynth_vacuum(off, 1000)
230626_114231: Execute: set_drawer(ISYNTH:1, close, vacuum)
230626_114234: Execute: set_isynth_vacuum(on, 1)
230626_114341: Execute: set_drawer(ISYNTH:1, close, inert)
230626_114344: Execute: set_isynth_vacuum(on, 1000)
230626_114419: Execute: set_isynth_vacuum(off, 1000)
230626_114422: Execute: set_drawer(ISYNTH:1, close, vacuum)
230626_114425: Execute: set_isynth_vacuum(on, 1)
230626_114531: Execute: set_drawer(ISYNTH:1, close, inert)
230626_114534: Execute: set_isynth_vacuum(on, 1000)
230626_114609: Execute: set_isynth_vacuum(off, 1000)
230626_114612: Execute: set_drawer(ISYNTH:1, close, none)
230626_114624: Execute: transfer_liquid(VALVEB:1;VALVEB:2;VALVEB:3;VALVEB:4, WASTE1, 7.5, 20, 40, 3, 0, 0, 0, 0.01, 0, 0, WASTE, WASTE, 0, 0, 1)
230626_114736: Execute: transfer_liquid(VALVEB:1;VALVEB:2;VALVEB:3;VALVEB:4, WASTE1, 7.5, 20, 40, 3, 0, 0, 0, 0.01, 0, 0, WASTE, WASTE, 0, 0, 1)
230626_114831: Execute: set_drawer(ISYNTH:1, open, inert)
230626_114923: Execute: transfer_liquid(RACKR:1, ISYNTH:1, 2.0, 20, 40, 3, 0, 2, 1, 0.1, 0.1, 0, WASTE, WASTE, 0, 0, 1)
230626_115104: Execute: set_drawer(ISYNTH:1, close, none)
230626_115150: Execute: set_drawer(ISYNTH:1, open, inert)
230626_115201: Execute: transfer_liquid(RACKR:2, ISYNTH:1, 1.0, 20, 40, 3, 0, 2, 1, 0.1, 0.1, 0, WASTE, WASTE, 0, 0, 1)
230626_115337: Execute: set_drawer(ISYNTH:1, close, none)
230626_115425: Execute: set_drawer(ISYNTH:1, open, inert)
230626_115435: Execute: transfer_liquid(RACKR:3, ISYNTH:1, 0.33, 20, 40, 3, 0, 2, 1, 0.1, 0.1, 0, WASTE, WASTE, 0, 0, 1)
230626_115608: Execute: set_drawer(ISYNTH:1, close, none)
230626_115657: Execute: set_drawer(ISYNTH:1, open, inert)
230626_115708: Execute: transfer_liquid(RACKR:4, ISYNTH:1, 0.67, 20, 40, 3, 0, 2, 1, 0.1, 0.1, 0, WASTE, WASTE, 0, 0, 1)
230626_115843: Execute: set_drawer(ISYNTH:1, close, none)
230626_115932: Execute: set_isynth_temperature(on, 100, 0)
230626_115936: Execute: set_isynth_reflux(on, 0)
230626_115939: Execute: set_stir(ISYNTH, on, 300)
230627_002814: Execute: set_stir(ISYNTH, off, 0)
230627_002820: Execute: set_isynth_temperature(on, 20, 0)
230627_002823: Execute: set_isynth_reflux(on, 0)
230627_002826: Execute: set_stir(ISYNTH, on, 300)
230627_002828: Execute: set_stir(ISYNTH, on, 300)
230627_013109: Execute: set_stir(ISYNTH, off, 0)
230627_013115: Execute: set_isynth_temperature(off, 15, 0)
230627_013119: Execute: set_isynth_reflux(off, 15)
230627_013122: Execute: set_stir(ISYNTH, off, 0)
230627_013124: Execute: set_stir(ISYNTH, off, 0)
230627_081614: Execute: transfer_liquid(VALVEB:1, SPE_W:30, 0.2, 20, 40, 3, 0, 0.0, 0, 0.1, 0.1, 0, WASTE, WASTE, 0, 0, 1)
230627_081655: Execute: transfer_liquid(RACKL:80, SPE_C:30, 1.0, 20, 40, 3, 0, 2, 0, 0.1, 0.1, 0, WASTE, WASTE, 0, 0, 1)
230627_082605: Execute: inject_liquid(RACKL:80, INJECT_L:1, 0.5, 10, 3, 0.1, 0, 2)
230627_084834: Execute: inject_liquid(RACKL:80, INJECT_L:1, 0.5, 10, 3, 0.1, 0, 2)
230627_085429: Execute: transfer_liquid_bu(VALVEB:1, INJECT_WASH:1, 0.4, 20, 20, 3, 0, 0, 0)
230627_085439: Execute: transfer_liquid(INJECT_WASH:1, WASTE1:1, 1.0, 20, 40, 0, 0, 0, 0, 0.01, 0, 0, WASTE, WASTE, 0, 0, 1)
230627_085502: Execute: transfer_liquid_bu(VALVEB:1, INJECT_WASH:1, 0.4, 20, 20, 3, 0, 0, 0)
230627_085514: Execute: transfer_liquid(INJECT_WASH:1, WASTE1:1, 1.0, 20, 40, 0, 0, 0, 0, 0.01, 0, 0, WASTE, WASTE, 0, 0, 1)
230627_104343: Execute: transfer_liquid(VALVEB:1, SPE_W:3, 0.2, 20, 40, 3, 0, 0.0, 0, 0.1, 0.1, 0, WASTE, WASTE, 0, 0, 1)
230627_104422: Execute: transfer_liquid(RACKL:65, SPE_C:3, 1.0, 20, 40, 3, 0, 2, 0, 0.1, 0.1, 0, WASTE, WASTE, 0, 0, 1)
230627_104534: Execute: transfer_liquid(VALVEB:1, SPE_C:3, 2.5, 20, 40, 3, 0, 0.0, 0, 0.1, 0.1, 0, WASTE, WASTE, 0, 0, 1)
230627_104713: Execute: transfer_liquid(SPE_D:3, SPE_D:3, 1.0, 20, 40, 3, 90, 0, 0, 0, 0, 0, WASTE, WASTE, 0, 0, 1)
230627_104749: Execute: transfer_liquid(SPE_D:3, SPE_D:3, 1.0, 20, 40, 3, 90, 0, 0, 0, 0, 0, WASTE, WASTE, 0, 0, 1)
230627_104825: Execute: transfer_liquid(SPE_D:3, SPE_D:3, 1.0, 20, 40, 3, 90, 0, 0, 0, 0, 0, WASTE, WASTE, 0, 0, 1)
230627_104901: Execute: inject_liquid(SPE_D:3, INJECT_L:1, 0.5, 10, 3, 0.1, 0, 2)
230627_105500: Execute: transfer_liquid_bu(VALVEB:1, INJECT_WASH:1, 0.4, 20, 20, 3, 0, 0, 0)
230627_105510: Execute: transfer_liquid(INJECT_WASH:1, WASTE1:1, 1.0, 20, 40, 0, 0, 0, 0, 0.01, 0, 0, WASTE, WASTE, 0, 0, 1)
230627_105533: Execute: transfer_liquid_bu(VALVEB:1, INJECT_WASH:1, 0.4, 20, 20, 3, 0, 0, 0)
230627_105545: Execute: transfer_liquid(INJECT_WASH:1, WASTE1:1, 1.0, 20, 40, 0, 0, 0, 0, 0.01, 0, 0, WASTE, WASTE, 0, 0, 1)
230627_105607: Execute: transfer_liquid_bu(VALVEB:1, INJECT_WASH:1, 0.4, 20, 20, 3, 0, 0, 0)
230627_105620: Execute: transfer_liquid(INJECT_WASH:1, WASTE1:1, 1.0, 20, 40, 0, 0, 0, 0, 0.01, 0, 0, WASTE, WASTE, 0, 0, 1)
230627_113235: Execute: transfer_liquid(VALVEB:1, SPE_W:5, 0.2, 20, 40, 3, 0, 0.0, 0, 0.1, 0.1, 0, WASTE, WASTE, 0, 0, 1)
230627_113255: Execute: transfer_liquid(RACKL:65, SPE_C:5, 1.0, 20, 40, 3, 0, 2, 0, 0.1, 0.1, 0, WASTE, WASTE, 0, 0, 1)
230627_113408: Execute: transfer_liquid(VALVEB:1, SPE_C:5, 2.5, 20, 40, 3, 0, 0.0, 0, 0.1, 0.1, 0, WASTE, WASTE, 0, 0, 1)
230627_113547: Execute: transfer_liquid(SPE_D:5, SPE_D:5, 1.0, 20, 40, 3, 90, 0, 0, 0, 0, 0, WASTE, WASTE, 0, 0, 1)
230627_113625: Execute: transfer_liquid(SPE_D:5, SPE_D:5, 1.0, 20, 40, 3, 90, 0, 0, 0, 0, 0, WASTE, WASTE, 0, 0, 1)
230627_113701: Execute: transfer_liquid(SPE_D:5, SPE_D:5, 1.0, 20, 40, 3, 90, 0, 0, 0, 0, 0, WASTE, WASTE, 0, 0, 1)
230627_113737: Execute: inject_liquid(SPE_D:5, INJECT_L:1, 0.5, 10, 3, 0.1, 0, 2)
230627_114336: Execute: transfer_liquid_bu(VALVEB:1, INJECT_WASH:1, 0.4, 20, 20, 3, 0, 0, 0)
230627_114347: Execute: transfer_liquid(INJECT_WASH:1, WASTE1:1, 1.0, 20, 40, 0, 0, 0, 0, 0.01, 0, 0, WASTE, WASTE, 0, 0, 1)
230627_114410: Execute: transfer_liquid_bu(VALVEB:1, INJECT_WASH:1, 0.4, 20, 20, 3, 0, 0, 0)
230627_114423: Execute: transfer_liquid(INJECT_WASH:1, WASTE1:1, 1.0, 20, 40, 0, 0, 0, 0, 0.01, 0, 0, WASTE, WASTE, 0, 0, 1)
230627_114445: Execute: transfer_liquid_bu(VALVEB:1, INJECT_WASH:1, 0.4, 20, 20, 3, 0, 0, 0)
230627_114457: Execute: transfer_liquid(INJECT_WASH:1, WASTE1:1, 1.0, 20, 40, 0, 0, 0, 0, 0.01, 0, 0, WASTE, WASTE, 0, 0, 1)
230627_114520: Execute: inject_liquid(VALVEB:1, INJECT_I:1, 0.5, 10, 3, 0.1, 0, 2)
230627_115041: Execute: transfer_liquid(INJECT_WASH:1, WASTE1:1, 1.0, 20, 40, 0, 0, 5, 0, 0.01, 0, 0, WASTE, WASTE, 0, 0, 1)
230627_115138: Execute: transfer_liquid(SPE_D:5, SPE_D:5, 1.0, 20, 40, 3, 90, 0, 0, 0, 0, 0, WASTE, WASTE, 0, 0, 1)
230627_115216: Execute: transfer_liquid(SPE_D:5, SPE_D:5, 1.0, 20, 40, 3, 90, 0, 0, 0, 0, 0, WASTE, WASTE, 0, 0, 1)
230627_115252: Execute: transfer_liquid(SPE_D:5, SPE_D:5, 1.0, 20, 40, 3, 90, 0, 0, 0, 0, 0, WASTE, WASTE, 0, 0, 1)
230627_115329: Execute: inject_liquid(SPE_D:5, INJECT_L:1, 0.5, 10, 3, 0.1, 0, 2)
230627_115928: Execute: transfer_liquid_bu(VALVEB:1, INJECT_WASH:1, 0.4, 20, 20, 3, 0, 0, 0)
230627_115939: Execute: transfer_liquid(INJECT_WASH:1, WASTE1:1, 1.0, 20, 40, 0, 0, 0, 0, 0.01, 0, 0, WASTE, WASTE, 0, 0, 1)
230627_120001: Execute: transfer_liquid_bu(VALVEB:1, INJECT_WASH:1, 0.4, 20, 20, 3, 0, 0, 0)
230627_120014: Execute: transfer_liquid(INJECT_WASH:1, WASTE1:1, 1.0, 20, 40, 0, 0, 0, 0, 0.01, 0, 0, WASTE, WASTE, 0, 0, 1)
230627_120037: Execute: transfer_liquid_bu(VALVEB:1, INJECT_WASH:1, 0.4, 20, 20, 3, 0, 0, 0)
230627_120050: Execute: transfer_liquid(INJECT_WASH:1, WASTE1:1, 1.0, 20, 40, 0, 0, 0, 0, 0.01, 0, 0, WASTE, WASTE, 0, 0, 1)
230627_120112: Execute: inject_liquid(VALVEB:1, INJECT_I:1, 0.5, 10, 3, 0.1, 0, 2)
230627_120632: Execute: transfer_liquid(INJECT_WASH:1, WASTE1:1, 1.0, 20, 40, 0, 0, 5, 0, 0.01, 0, 0, WASTE, WASTE, 0, 0, 1)
230627_123441: Execute: inject_liquid(RACKL:67, INJECT_L:1, 0.5, 10, 3, 0.1, 0, 2)
230627_124030: Execute: transfer_liquid_bu(VALVEB:1, INJECT_WASH:1, 0.4, 20, 20, 3, 0, 0, 0)
230627_124040: Execute: transfer_liquid(INJECT_WASH:1, WASTE1:1, 1.0, 20, 40, 0, 0, 0, 0, 0.01, 0, 0, WASTE, WASTE, 0, 0, 1)
230627_124103: Execute: transfer_liquid_bu(VALVEB:1, INJECT_WASH:1, 0.4, 20, 20, 3, 0, 0, 0)
230627_124115: Execute: transfer_liquid(INJECT_WASH:1, WASTE1:1, 1.0, 20, 40, 0, 0, 0, 0, 0.01, 0, 0, WASTE, WASTE, 0, 0, 1)
230627_124137: Execute: transfer_liquid_bu(VALVEB:1, INJECT_WASH:1, 0.4, 20, 20, 3, 0, 0, 0)
230627_124150: Execute: transfer_liquid(INJECT_WASH:1, WASTE1:1, 1.0, 20, 40, 0, 0, 0, 0, 0.01, 0, 0, WASTE, WASTE, 0, 0, 1)
230627_124212: Execute: inject_liquid(VALVEB:1, INJECT_I:1, 0.5, 10, 3, 0.1, 0, 2)
230627_124732: Execute: transfer_liquid(INJECT_WASH:1, WASTE1:1, 1.0, 20, 40, 0, 0, 5, 0, 0.01, 0, 0, WASTE, WASTE, 0, 0, 1)
230627_133413: Execute: inject_liquid(RACKL:67, INJECT_L:1, 0.5, 10, 3, 0.1, 0, 2)
230627_134002: Execute: transfer_liquid_bu(VALVEB:1, INJECT_WASH:1, 0.4, 20, 20, 3, 0, 0, 0)
230627_134013: Execute: transfer_liquid(INJECT_WASH:1, WASTE1:1, 1.0, 20, 40, 0, 0, 0, 0, 0.01, 0, 0, WASTE, WASTE, 0, 0, 1)
230627_134037: Execute: transfer_liquid_bu(VALVEB:1, INJECT_WASH:1, 0.4, 20, 20, 3, 0, 0, 0)
230627_134049: Execute: transfer_liquid(INJECT_WASH:1, WASTE1:1, 1.0, 20, 40, 0, 0, 0, 0, 0.01, 0, 0, WASTE, WASTE, 0, 0, 1)
230627_134111: Execute: transfer_liquid_bu(VALVEB:1, INJECT_WASH:1, 0.4, 20, 20, 3, 0, 0, 0)
230627_134124: Execute: transfer_liquid(INJECT_WASH:1, WASTE1:1, 1.0, 20, 40, 0, 0, 0, 0, 0.01, 0, 0, WASTE, WASTE, 0, 0, 1)
230627_134146: Execute: inject_liquid(VALVEB:1, INJECT_I:1, 0.5, 10, 3, 0.1, 0, 2)
230627_134706: Execute: transfer_liquid(INJECT_WASH:1, WASTE1:1, 1.0, 20, 40, 0, 0, 5, 0, 0.01, 0, 0, WASTE, WASTE, 0, 0, 1)
